2022-04-26 16:46:39 INFO  Log:11 - =====================================loginTest TEST START=========================================
2022-04-26 16:46:39 INFO  Log:22 - user is going to click on SignIn
2022-04-26 16:46:46 INFO  Log:22 - Enter Username and Password
2022-04-26 16:46:55 INFO  Log:22 - Verifying if user is able to login
2022-04-26 16:46:55 INFO  Log:22 - login is Success
2022-04-26 16:46:55 INFO  Log:15 - =====================================loginTest TEST END=========================================
2022-04-27 11:31:26 INFO  Log:11 - =====================================loginTest TEST START=========================================
2022-04-27 11:31:26 INFO  Log:22 - user is going to click on SignIn
2022-04-27 11:31:28 INFO  Log:22 - Enter Username and Password
2022-04-27 11:31:32 INFO  Log:22 - Verifying if user is able to login
2022-04-27 11:31:40 INFO  Log:11 - =====================================loginTest TEST START=========================================
2022-04-27 11:31:40 INFO  Log:22 - user is going to click on SignIn
2022-04-27 11:31:43 INFO  Log:22 - Enter Username and Password
2022-04-27 11:31:45 INFO  Log:22 - Verifying if user is able to login
2022-04-27 11:50:44 INFO  Log:11 - =====================================loginTest TEST START=========================================
2022-04-27 11:50:44 INFO  Log:22 - user is going to click on SignIn
2022-04-27 11:50:47 INFO  Log:22 - Enter Username and Password
2022-04-27 11:50:50 INFO  Log:22 - Verifying if user is able to login
2022-04-27 11:50:59 INFO  Log:11 - =====================================loginTest TEST START=========================================
2022-04-27 11:50:59 INFO  Log:22 - user is going to click on SignIn
2022-04-27 11:51:02 INFO  Log:22 - Enter Username and Password
2022-04-27 11:51:04 INFO  Log:22 - Verifying if user is able to login
2022-04-27 12:14:46 INFO  Log:11 - =====================================loginTest TEST START=========================================
2022-04-27 12:14:46 INFO  Log:22 - user is going to click on SignIn
2022-04-27 12:14:49 INFO  Log:22 - Enter Username and Password
2022-04-27 12:14:52 INFO  Log:22 - Verifying if user is able to login
2022-04-27 12:15:05 INFO  Log:11 - =====================================loginTest TEST START=========================================
2022-04-27 12:15:05 INFO  Log:22 - user is going to click on SignIn
2022-04-27 12:15:08 INFO  Log:22 - Enter Username and Password
2022-04-27 12:15:10 INFO  Log:22 - Verifying if user is able to login
2022-04-27 13:18:18 INFO  Log:11 - =====================================loginTest TEST START=========================================
2022-04-27 13:18:18 INFO  Log:22 - user is going to click on SignIn
2022-04-27 13:51:42 INFO  Log:11 - =====================================loginTest TEST START=========================================
2022-04-27 13:51:42 INFO  Log:22 - user is going to click on SignIn
2022-04-27 13:51:45 INFO  Log:22 - Enter Username and Password
2022-04-27 13:51:48 INFO  Log:22 - Verifying if user is able to login
2022-04-27 13:51:48 INFO  Log:22 - login is Success
2022-04-27 13:51:48 INFO  Log:15 - =====================================loginTest TEST END=========================================
2022-04-27 13:51:57 INFO  Log:11 - =====================================loginTest TEST START=========================================
2022-04-27 13:51:57 INFO  Log:22 - user is going to click on SignIn
2022-04-27 13:52:00 INFO  Log:22 - Enter Username and Password
2022-04-27 13:52:02 INFO  Log:22 - Verifying if user is able to login
2022-04-27 14:30:02 INFO  Log:11 - =====================================loginTest TEST START=========================================
2022-04-27 14:30:02 INFO  Log:22 - user is going to click on SignIn
2022-04-27 14:30:06 INFO  Log:22 - Enter Username and Password
2022-04-27 14:30:09 INFO  Log:22 - Verifying if user is able to login
2022-04-27 14:30:09 INFO  Log:22 - login is Success
2022-04-27 14:30:09 INFO  Log:15 - =====================================loginTest TEST END=========================================
2022-04-27 14:30:18 INFO  Log:11 - =====================================loginTest TEST START=========================================
2022-04-27 14:30:18 INFO  Log:22 - user is going to click on SignIn
2022-04-27 14:30:21 INFO  Log:22 - Enter Username and Password
2022-04-27 14:30:23 INFO  Log:22 - Verifying if user is able to login
2022-04-28 09:39:43 INFO  Log:11 - =====================================loginTest TEST START=========================================
2022-04-28 09:39:43 INFO  Log:22 - user is going to click on SignIn
2022-04-28 09:39:45 INFO  Log:22 - Enter Username and Password
2022-04-28 09:39:48 INFO  Log:22 - Verifying if user is able to login
2022-04-28 09:39:48 INFO  Log:22 - login is Success
2022-04-28 09:39:48 INFO  Log:15 - =====================================loginTest TEST END=========================================
2022-04-28 09:42:01 DEBUG cache:45 - Couldn't find template in cache for "v3html/v3-html-index.ftl"("en", UTF-8, parsed); will try to load it.
2022-04-28 09:42:01 DEBUG cache:45 - TemplateLoader.findTemplateSource("v3html/v3-html-index_en.ftl"): Not found
2022-04-28 09:42:01 DEBUG cache:45 - TemplateLoader.findTemplateSource("v3html/v3-html-index.ftl"): Found
2022-04-28 09:42:01 DEBUG cache:45 - Loading template for "v3html/v3-html-index.ftl"("en", UTF-8, parsed) from "jar:file:/C:/Users/Perennial/.m2/repository/com/aventstack/extentreports/4.0.9/extentreports-4.0.9.jar!/com/aventstack/extentreports/view/v3html/v3-html-index.ftl"
2022-04-28 09:42:01 DEBUG cache:45 - Couldn't find template in cache for "v3html/v3-html-head.ftl"("en", UTF-8, parsed); will try to load it.
2022-04-28 09:42:01 DEBUG cache:45 - TemplateLoader.findTemplateSource("v3html/v3-html-head_en.ftl"): Not found
2022-04-28 09:42:01 DEBUG cache:45 - TemplateLoader.findTemplateSource("v3html/v3-html-head.ftl"): Found
2022-04-28 09:42:01 DEBUG cache:45 - Loading template for "v3html/v3-html-head.ftl"("en", UTF-8, parsed) from "jar:file:/C:/Users/Perennial/.m2/repository/com/aventstack/extentreports/4.0.9/extentreports-4.0.9.jar!/com/aventstack/extentreports/view/v3html/v3-html-head.ftl"
2022-04-28 09:42:01 DEBUG cache:45 - Couldn't find template in cache for "v3html/v3-html-nav.ftl"("en", UTF-8, parsed); will try to load it.
2022-04-28 09:42:01 DEBUG cache:45 - TemplateLoader.findTemplateSource("v3html/v3-html-nav_en.ftl"): Not found
2022-04-28 09:42:01 DEBUG cache:45 - TemplateLoader.findTemplateSource("v3html/v3-html-nav.ftl"): Found
2022-04-28 09:42:01 DEBUG cache:45 - Loading template for "v3html/v3-html-nav.ftl"("en", UTF-8, parsed) from "jar:file:/C:/Users/Perennial/.m2/repository/com/aventstack/extentreports/4.0.9/extentreports-4.0.9.jar!/com/aventstack/extentreports/view/v3html/v3-html-nav.ftl"
2022-04-28 09:42:01 DEBUG cache:45 - Couldn't find template in cache for "v3html/test-view/v3-html-test-view.ftl"("en", UTF-8, parsed); will try to load it.
2022-04-28 09:42:01 DEBUG cache:45 - TemplateLoader.findTemplateSource("v3html/test-view/v3-html-test-view_en.ftl"): Not found
2022-04-28 09:42:01 DEBUG cache:45 - TemplateLoader.findTemplateSource("v3html/test-view/v3-html-test-view.ftl"): Found
2022-04-28 09:42:01 DEBUG cache:45 - Loading template for "v3html/test-view/v3-html-test-view.ftl"("en", UTF-8, parsed) from "jar:file:/C:/Users/Perennial/.m2/repository/com/aventstack/extentreports/4.0.9/extentreports-4.0.9.jar!/com/aventstack/extentreports/view/v3html/test-view/v3-html-test-view.ftl"
2022-04-28 09:42:01 DEBUG cache:45 - Couldn't find template in cache for "v3html/test-view/v3-html-test-view-charts.ftl"("en", UTF-8, parsed); will try to load it.
2022-04-28 09:42:01 DEBUG cache:45 - TemplateLoader.findTemplateSource("v3html/test-view/v3-html-test-view-charts_en.ftl"): Not found
2022-04-28 09:42:01 DEBUG cache:45 - TemplateLoader.findTemplateSource("v3html/test-view/v3-html-test-view-charts.ftl"): Found
2022-04-28 09:42:01 DEBUG cache:45 - Loading template for "v3html/test-view/v3-html-test-view-charts.ftl"("en", UTF-8, parsed) from "jar:file:/C:/Users/Perennial/.m2/repository/com/aventstack/extentreports/4.0.9/extentreports-4.0.9.jar!/com/aventstack/extentreports/view/v3html/test-view/v3-html-test-view-charts.ftl"
2022-04-28 09:42:01 DEBUG cache:45 - Couldn't find template in cache for "v3html/test-view/v3-html-standard.ftl"("en", UTF-8, parsed); will try to load it.
2022-04-28 09:42:01 DEBUG cache:45 - TemplateLoader.findTemplateSource("v3html/test-view/v3-html-standard_en.ftl"): Not found
2022-04-28 09:42:01 DEBUG cache:45 - TemplateLoader.findTemplateSource("v3html/test-view/v3-html-standard.ftl"): Found
2022-04-28 09:42:01 DEBUG cache:45 - Loading template for "v3html/test-view/v3-html-standard.ftl"("en", UTF-8, parsed) from "jar:file:/C:/Users/Perennial/.m2/repository/com/aventstack/extentreports/4.0.9/extentreports-4.0.9.jar!/com/aventstack/extentreports/view/v3html/test-view/v3-html-standard.ftl"
2022-04-28 09:42:01 DEBUG cache:45 - "v3html/test-view/v3-html-standard.ftl"("en", UTF-8, parsed) cached copy not yet stale; using cached.
2022-04-28 09:42:01 DEBUG cache:45 - "v3html/test-view/v3-html-standard.ftl"("en", UTF-8, parsed) cached copy not yet stale; using cached.
2022-04-28 09:42:01 DEBUG cache:45 - "v3html/test-view/v3-html-standard.ftl"("en", UTF-8, parsed) cached copy not yet stale; using cached.
2022-04-28 09:42:01 DEBUG cache:45 - "v3html/test-view/v3-html-standard.ftl"("en", UTF-8, parsed) cached copy not yet stale; using cached.
2022-04-28 09:42:01 DEBUG cache:45 - "v3html/test-view/v3-html-standard.ftl"("en", UTF-8, parsed) cached copy not yet stale; using cached.
2022-04-28 09:42:01 DEBUG cache:45 - "v3html/test-view/v3-html-standard.ftl"("en", UTF-8, parsed) cached copy not yet stale; using cached.
2022-04-28 09:42:01 DEBUG cache:45 - "v3html/test-view/v3-html-standard.ftl"("en", UTF-8, parsed) cached copy not yet stale; using cached.
2022-04-28 09:42:01 DEBUG cache:45 - "v3html/test-view/v3-html-standard.ftl"("en", UTF-8, parsed) cached copy not yet stale; using cached.
2022-04-28 09:42:01 DEBUG cache:45 - "v3html/test-view/v3-html-standard.ftl"("en", UTF-8, parsed) cached copy not yet stale; using cached.
2022-04-28 09:42:01 DEBUG cache:45 - Couldn't find template in cache for "v3html/category-view/v3-html-category-view.ftl"("en", UTF-8, parsed); will try to load it.
2022-04-28 09:42:01 DEBUG cache:45 - TemplateLoader.findTemplateSource("v3html/category-view/v3-html-category-view_en.ftl"): Not found
2022-04-28 09:42:01 DEBUG cache:45 - TemplateLoader.findTemplateSource("v3html/category-view/v3-html-category-view.ftl"): Found
2022-04-28 09:42:01 DEBUG cache:45 - Loading template for "v3html/category-view/v3-html-category-view.ftl"("en", UTF-8, parsed) from "jar:file:/C:/Users/Perennial/.m2/repository/com/aventstack/extentreports/4.0.9/extentreports-4.0.9.jar!/com/aventstack/extentreports/view/v3html/category-view/v3-html-category-view.ftl"
2022-04-28 09:42:01 DEBUG cache:45 - Couldn't find template in cache for "v3html/exception-view/v3-html-exception-view.ftl"("en", UTF-8, parsed); will try to load it.
2022-04-28 09:42:01 DEBUG cache:45 - TemplateLoader.findTemplateSource("v3html/exception-view/v3-html-exception-view_en.ftl"): Not found
2022-04-28 09:42:01 DEBUG cache:45 - TemplateLoader.findTemplateSource("v3html/exception-view/v3-html-exception-view.ftl"): Found
2022-04-28 09:42:01 DEBUG cache:45 - Loading template for "v3html/exception-view/v3-html-exception-view.ftl"("en", UTF-8, parsed) from "jar:file:/C:/Users/Perennial/.m2/repository/com/aventstack/extentreports/4.0.9/extentreports-4.0.9.jar!/com/aventstack/extentreports/view/v3html/exception-view/v3-html-exception-view.ftl"
2022-04-28 09:42:01 DEBUG cache:45 - Couldn't find template in cache for "v3html/author-view/v3-html-author-view.ftl"("en", UTF-8, parsed); will try to load it.
2022-04-28 09:42:01 DEBUG cache:45 - TemplateLoader.findTemplateSource("v3html/author-view/v3-html-author-view_en.ftl"): Not found
2022-04-28 09:42:01 DEBUG cache:45 - TemplateLoader.findTemplateSource("v3html/author-view/v3-html-author-view.ftl"): Found
2022-04-28 09:42:01 DEBUG cache:45 - Loading template for "v3html/author-view/v3-html-author-view.ftl"("en", UTF-8, parsed) from "jar:file:/C:/Users/Perennial/.m2/repository/com/aventstack/extentreports/4.0.9/extentreports-4.0.9.jar!/com/aventstack/extentreports/view/v3html/author-view/v3-html-author-view.ftl"
2022-04-28 09:42:01 DEBUG cache:45 - Couldn't find template in cache for "v3html/dashboard-view/v3-html-dashboard-view.ftl"("en", UTF-8, parsed); will try to load it.
2022-04-28 09:42:01 DEBUG cache:45 - TemplateLoader.findTemplateSource("v3html/dashboard-view/v3-html-dashboard-view_en.ftl"): Not found
2022-04-28 09:42:01 DEBUG cache:45 - TemplateLoader.findTemplateSource("v3html/dashboard-view/v3-html-dashboard-view.ftl"): Found
2022-04-28 09:42:01 DEBUG cache:45 - Loading template for "v3html/dashboard-view/v3-html-dashboard-view.ftl"("en", UTF-8, parsed) from "jar:file:/C:/Users/Perennial/.m2/repository/com/aventstack/extentreports/4.0.9/extentreports-4.0.9.jar!/com/aventstack/extentreports/view/v3html/dashboard-view/v3-html-dashboard-view.ftl"
2022-04-28 09:42:01 DEBUG cache:45 - Couldn't find template in cache for "v3html/logs-view/v3-html-testrunner-logs-view.ftl"("en", UTF-8, parsed); will try to load it.
2022-04-28 09:42:01 DEBUG cache:45 - TemplateLoader.findTemplateSource("v3html/logs-view/v3-html-testrunner-logs-view_en.ftl"): Not found
2022-04-28 09:42:01 DEBUG cache:45 - TemplateLoader.findTemplateSource("v3html/logs-view/v3-html-testrunner-logs-view.ftl"): Found
2022-04-28 09:42:01 DEBUG cache:45 - Loading template for "v3html/logs-view/v3-html-testrunner-logs-view.ftl"("en", UTF-8, parsed) from "jar:file:/C:/Users/Perennial/.m2/repository/com/aventstack/extentreports/4.0.9/extentreports-4.0.9.jar!/com/aventstack/extentreports/view/v3html/logs-view/v3-html-testrunner-logs-view.ftl"
